7 5
592 451
450 176
3386 1262
1453 1453
2155 2155
1097 853
4170 2539
457 457
852 406
765 765
713 713
1064 1064
5607 3964
528 528
1316 701
1081 366
826 339
1580 1580
802 358
3126 1564
4320 2019
2973 2223
1218 961
1338 718
1197 956
3139 1159
1943 1696
1926 1926
1719 1719
2425 1517
1839 875
598 249
2771 1791
1573 876
1356 949
247 247
2181 1343
658 242
895 673
1442 927
2620 1700
1244 698
1612 984
303 303
391 391
1511 697
3971 1320
1089 829
1644 958
1992 1275
973 515
1722 888
1851 1851
1835 1242
1830 1113
438 438
1265 674
2436 909
792 792
1582 557
3567 2467
3279 2805
1402 1064
2890 1335
1724 871
406 406
495 495
2152 1150
4052 2598
2233 1563
1148 889
2225 1429
1665 948
1365 1365
1254 1197
1700 951
889 889
1349 605
2898 1420
2578 1473
443 443
2115 776
1821 672
860 860
856 603
369 369
1026 870
930 834
2110 2110
1178 1178
754 497
1464 964
2055 1215
371 371
1042 908
980 980
1160 1160
312 312
342 342
